<?xml version="1.0" encoding="UTF-8"?>
<robot generator="Robot 4.1.3 (Python 3.7.1 on win32)" generated="20220322 14:22:01.035" rpa="false" schemaversion="2">
<suite id="s1" name="DataBaseTesting" source="C:\Users\RaviChandra\PycharmProjects\RestApiAutomation\Tests\DataBaseTesting.robot">
<kw name="Connect to DB sql3480709" type="SETUP">
<kw name="Connect To Database" library="DatabaseLibrary">
<var>${isconnected}</var>
<arg>pymysql</arg>
<arg>${DataBaseName}</arg>
<arg>${DBUser}</arg>
<arg>${DBPassword}</arg>
<arg>${DBHost}</arg>
<arg>${Port}</arg>
<doc>Loads the DB API 2.0 module given `dbapiModuleName` then uses it to
connect to the database using `dbName`, `dbUsername`, and `dbPassword`.</doc>
<msg timestamp="20220322 14:22:01.183" level="INFO">Connecting using : pymysql.connect(db=sql3480709, user=sql3480709, passwd=8IWCklEhG6, host=sql3.freesqldatabase.com, port=3306, charset=None) </msg>
<msg timestamp="20220322 14:22:02.666" level="INFO">${isconnected} = None</msg>
<status status="PASS" starttime="20220322 14:22:01.119" endtime="20220322 14:22:02.666"/>
</kw>
<kw name="Log To Console" library="BuiltIn">
<arg>${isconnected}</arg>
<doc>Logs the given message to the console.</doc>
<status status="PASS" starttime="20220322 14:22:02.668" endtime="20220322 14:22:02.670"/>
</kw>
<status status="PASS" starttime="20220322 14:22:01.118" endtime="20220322 14:22:02.672"/>
</kw>
<test id="s1-t1" name="Insert Data into Database Person table">
<kw name="Checking data if exist in DB">
<kw name="Check If Exists In Database" library="DatabaseLibrary">
<arg>select id from sql3480709.person where last_name="SS";</arg>
<doc>Check if any row would be returned by given the input `selectStatement`. If there are no results, then this will
throw an AssertionError. Set optional input `sansTran` to True to run command without an explicit transaction
commit or rollback.</doc>
<msg timestamp="20220322 14:22:02.677" level="INFO">Executing : Check If Exists In Database  |  select id from sql3480709.person where last_name="SS"; </msg>
<msg timestamp="20220322 14:22:02.677" level="INFO">Executing : Query  |  select id from sql3480709.person where last_name="SS"; </msg>
<status status="PASS" starttime="20220322 14:22:02.676" endtime="20220322 14:22:03.306"/>
</kw>
<status status="PASS" starttime="20220322 14:22:02.675" endtime="20220322 14:22:03.307"/>
</kw>
<kw name="Check rows in table">
<kw name="Row Count Is Equal To X" library="DatabaseLibrary">
<var>${Rows}</var>
<arg>select id from sql3480709.person</arg>
<arg>9</arg>
<doc>Check if the number of rows returned from `selectStatement` is equal to the value submitted. If not, then this
will throw an AssertionError. Set optional input `sansTran` to True to run command without an explicit
transaction commit or rollback.</doc>
<msg timestamp="20220322 14:22:03.311" level="INFO">Executing : Row Count Is Equal To X  |  select id from sql3480709.person  |  9 </msg>
<msg timestamp="20220322 14:22:03.311" level="INFO">Executing : Row Count  |  select id from sql3480709.person </msg>
<msg timestamp="20220322 14:22:03.947" level="INFO">${Rows} = None</msg>
<status status="PASS" starttime="20220322 14:22:03.310" endtime="20220322 14:22:03.947"/>
</kw>
<kw name="Log To Console" library="BuiltIn">
<arg>${Rows}</arg>
<doc>Logs the given message to the console.</doc>
<status status="PASS" starttime="20220322 14:22:03.948" endtime="20220322 14:22:03.950"/>
</kw>
<status status="PASS" starttime="20220322 14:22:03.308" endtime="20220322 14:22:03.951"/>
</kw>
<status status="PASS" starttime="20220322 14:22:02.672" endtime="20220322 14:22:03.952"/>
</test>
<kw name="Disconnect from DB sql3480709" type="TEARDOWN">
<kw name="Disconnect From Database" library="DatabaseLibrary">
<doc>Disconnects from the database.</doc>
<msg timestamp="20220322 14:22:03.960" level="INFO">Executing : Disconnect From Database</msg>
<status status="PASS" starttime="20220322 14:22:03.959" endtime="20220322 14:22:03.961"/>
</kw>
<status status="PASS" starttime="20220322 14:22:03.958" endtime="20220322 14:22:03.962"/>
</kw>
<status status="PASS" starttime="20220322 14:22:01.037" endtime="20220322 14:22:03.962"/>
</suite>
<statistics>
<total>
<stat pass="1" fail="0" skip="0">All Tests</stat>
</total>
<tag>
</tag>
<suite>
<stat pass="1" fail="0" skip="0" id="s1" name="DataBaseTesting">DataBaseTesting</stat>
</suite>
</statistics>
<errors>
</errors>
</robot>
