<?xml version="1.0" encoding="UTF-8"?>
<robot generator="Robot 4.1.3 (Python 3.7.1 on win32)" generated="20220311 15:12:52.648" rpa="false" schemaversion="2">
<suite id="s1" name="TC 001" source="C:\Users\RaviChandra\PycharmProjects\RestApiAutomation\Tests\TC_001.robot">
<test id="s1-t1" name="TC001_Get_Request">
<kw name="Create Session" library="RequestsLibrary">
<arg>getStudentDetails</arg>
<arg>${Base_url}</arg>
<doc>Create Session: create a HTTP session to a server</doc>
<msg timestamp="20220311 15:12:53.108" level="INFO">Creating Session using : alias=getStudentDetails, url=http://thetestingworldapi.com/, headers={},                     cookies={}, auth=None, timeout=None, proxies=None, verify=False,                     debug=0 </msg>
<status status="PASS" starttime="20220311 15:12:53.107" endtime="20220311 15:12:53.109"/>
</kw>
<kw name="GET On Session" library="RequestsLibrary">
<var>${response}</var>
<arg>getStudentDetails</arg>
<arg>api/studentsDetails</arg>
<doc>Sends a GET request on a previously created HTTP Session.</doc>
<msg timestamp="20220311 15:12:53.392" level="INFO">GET Request : url=http://thetestingworldapi.com/api/studentsDetails 
 path_url=/api/studentsDetails 
 headers={'User-Agent': 'python-requests/2.27.1', 'Accept-Encoding': 'gzip, deflate', 'Accept': '*/*', 'Connection': 'keep-alive'} 
 body=None 
 </msg>
<msg timestamp="20220311 15:12:53.392" level="INFO">GET Response : url=http://thetestingworldapi.com/api/studentsDetails 
 status=200, reason=OK 
 headers={'Cache-Control': 'no-cache', 'Pragma': 'no-cache', 'Content-Type': 'application/json; charset=utf-8', 'Expires': '-1', 'Server': 'Microsoft-IIS/8.5', 'X-AspNet-Version': '4.0.30319', 'X-Powered-By': 'ASP.NET', 'X-Powered-By-Plesk': 'PleskWin', 'Date': 'Fri, 11 Mar 2022 09:42:55 GMT', 'Content-Length': '11197'} 
 body=[{"id":1035945,"first_name":"Draga","middle_name":"dfdsf","last_name":"Todor","date_of_birth":"03/04/1998"},{"id":1035944,"first_name":"Draga","middle_name":"dfdsf","last_name":"Todor","date_of_birth":"03/04/1998"},{"id":1035943,"first_name":"Draga","middle_name":"dfdsf","last_name":"Todor","date_of_birth":"03/04/1998"},{"id":1035942,"first_name":"Draga","middle_name":"TTTTT","last_name":"Todor","date_of_birth":"03/04/1998"},{"id":1035941,"first_name":"Draga","middle_name":"DDDD","last_name":"Todor","date_of_birth":"03/03/1998"},{"id":1035940,"first_name":"Draga","middle_name":"DDDD","last_name":"Todor","date_of_birth":"03/03/1998"},{"id":1035938,"first_name":"{{fist_name}}","middle_name":"{{middle_name}}","last_name":"{{last_name}}","date_of_birth":"{{date_of_birth}}"},{"id":1035937,"first_name":"Draga","middle_name":"Duplicate","last_name":"Todor","date_of_birth":"03/03/1997"},{"id":1035936,"first_name":"Testing","middle_name":"Our","last_name":"World","date_of_birth":"12/12/1999"},{"id":1035934,"first_name":"Draga","middle_name":"DT","last_name":"Todor","date_of_birth":"03/03/1998"},{"id":1035933,"first_name":"Rashmi","middle_name":"New","last_name":"Singh","date_of_birth":"12/12/1991"},{"id":1035931,"first_name":"Ritesh","middle_name":"Kumar","last_name":"Singh","date_of_birth":"18/01/2000"},{"id":1035930,"first_name":"Ritesh","middle_name":"Kumar","last_name":"Singh","date_of_birth":"18/01/2000"},{"id":1035929,"first_name":"{{fist_name}}","middle_name":"{{middle_name}}","last_name":"{{last_name}}","date_of_birth":"{{date_of_birth}}"},{"id":1035928,"first_name":"sample string 2","middle_name":null,"last_name":null,"date_of_birth":"sample string 5"},{"id":1035927,"first_name":"sample string 2","middle_name":null,"last_name":null,"date_of_birth":"sample string 5"},{"id":1035926,"first_name":"{{fist_name}}","middle_name":"{{middle_name}}","last_name":"{{last_name}}","date_of_birth":"{{date_of_birth}}"},{"id":1035925,"first_name":"Testing","middle_name":"R","last_name":"World","date_of_birth":"12/12/1999"},{"id":1035924,"first_name":"{{fist_name}}","middle_name":"{{middle_name}}","last_name":"{{last_name}}","date_of_birth":"{{date_of_birth}}"},{"id":1035923,"first_name":"satabdi ","middle_name":"Rani ","last_name":"DD ","date_of_birth":"5/34/2323 "},{"id":1035922,"first_name":"sample string 2","middle_name":"sample string 3","last_name":"sample string 4","date_of_birth":"sample string 5"},{"id":1035921,"first_name":"{{fist_name}}","middle_name":"{{middle_name}}","last_name":"{{last_name}}","date_of_birth":"{{date_of_birth}}"},{"id":1035920,"first_name":"Pushpa The Great","middle_name":" ","last_name":"Version 2.0","date_of_birth":"12-02-1967"},{"id":1035919,"first_name":"Pushpa The Great","middle_name":" ","last_name":"Version 2.0","date_of_birth":"12-02-1967"},{"id":1035918,"first_name":"Pushpa The Great","middle_name":" ","last_name":"Version 2.0","date_of_birth":"12-02-1967"},{"id":1035917,"first_name":"Pushpa The Great","middle_name":" ","last_name":"Version 2.0","date_of_birth":"12-02-1967"},{"id":1035916,"first_name":"Pushpa The Great","middle_name":" ","last_name":"Version 2.0","date_of_birth":"12-02-1967"},{"id":1035915,"first_name":"Pushpa The Great","middle_name":" ","last_name":"Version 2.0","date_of_birth":"12-02-1967"},{"id":1035914,"first_name":"Pushpa The Great","middle_name":" ","last_name":"Version 2.0","date_of_birth":"12-02-1967"},{"id":1035913,"first_name":"Pushpa The Great","middle_name":" ","last_name":"Version 2.0","date_of_birth":"12-02-1967"},{"id":1035912,"first_name":"Pushpa The Great","middle_name":" ","last_name":"Version 2.0","date_of_birth":"12-02-1967"},{"id":1035911,"first_name":"Anupama","middle_name":" ","last_name":"Dubey","date_of_birth":"23-04-1987"},{"id":1035910,"first_name":"{{fist_name}}","middle_name":"{{middle_name}}","last_name":"{{last_name}}","date_of_birth":"{{date_of_birth}}"},{"id":1035909,"first_name":"Julie","middle_name":"Ndilu","last_name":"Nkaziakanda","date_of_birth":"01/07/1988"},{"id":1035908,"first_name":"{{fist_name}}","middle_name":"{{middle_name}}","last_name":"{{last_name}}","date_of_birth":"{{date_of_birth}}"},{"id":1035907,"first_name":"{{fist_name}}","middle_name":"{{middle_name}}","last_name":"{{last_name}}","date_of_birth":"{{date_of_birth}}"},{"id":1035905,"first_name":"venu","middle_name":"B1","last_name":"singh","date_of_birth":"3/24/99"},{"id":1035904,"first_name":"venu","middle_name":"B1","last_name":"singh","date_of_birth":"3/24/99"},{"id":1035903,"first_name":"{{fist_name}}","middle_name":"{{middle_name}}","last_name":"{{last_name}}","date_of_birth":"{{date_of_birth}}"},{"id":1035902,"first_name":"{{fist_name}}","middle_name":"{{middle_name}}","last_name":"{{last_name}}","date_of_birth":"{{date_of_birth}}"},{"id":1035901,"first_name":"{{fist_name}}","middle_name":"{{middle_name}}","last_name":"{{last_name}}","date_of_birth":"{{date_of_birth}}"},{"id":1035900,"first_name":"{{fist_name}}","middle_name":"{{middle_name}}","last_name":"{{last_name}}","date_of_birth":"{{date_of_birth}}"},{"id":1035899,"first_name":"venu","middle_name":"B","last_name":"singh","date_of_birth":"3/24/99"},{"id":1035898,"first_name":"{{fist_name}}","middle_name":"{{middle_name}}","last_name":"{{last_name}}","date_of_birth":"{{date_of_birth}}"},{"id":1035897,"first_name":"Paulsample string 2","middle_name":"Paulsample string 3","last_name":"Paulsample string 4","date_of_birth":"12/12/1996"},{"id":1035896,"first_name":"{{fist_name}}","middle_name":"{{middle_name}}","last_name":"{{last_name}}","date_of_birth":"{{date_of_birth}}"},{"id":1035895,"first_name":"{{fist_name}}","middle_name":"{{middle_name}}","last_name":"{{last_name}}","date_of_birth":"{{date_of_birth}}"},{"id":1035894,"first_name":"Taz","middle_name":"Siddi","last_name":"Win","date_of_birth":"02/10/1989"},{"id":1035893,"first_name":"Taz","middle_name":"Siddi","last_name":"Win","date_of_birth":"02/10/1989"},{"id":1035892,"first_name":"Taz","middle_name":"Siddi","last_name":"Win","date_of_birth":"02/10/1989"},{"id":1035891,"first_name":"Taz","middle_name":"Siddi","last_name":"Win","date_of_birth":"02/10/1989"},{"id":1035890,"first_name":"Taz","middle_name":"Siddi","last_name":"Win","date_of_birth":"02/10/1989"},{"id":1035889,"first_name":"mum","middle_name":"Si","last_name":"Win","date_of_birth":"02/10/1990"},{"id":1035888,"first_name":"Taz","middle_name":"Siddi","last_name":"Win","date_of_birth":"02/10/1989"},{"id":1035887,"first_name":"Taz","middle_name":"Siddi","last_name":"Win","date_of_birth":"02/10/1989"},{"id":1035886,"first_name":"Taz","middle_name":"Siddi","last_name":"Win","date_of_birth":"02/10/1989"},{"id":1035885,"first_name":"Taz","middle_name":"Siddi","last_name":"Win","date_of_birth":"02/10/1989"},{"id":1035884,"first_name":"Taz","middle_name":"Siddi","last_name":"Win","date_of_birth":"02/10/1989"},{"id":1035883,"first_name":"mum","middle_name":"Si","last_name":"Win","date_of_birth":"02/10/1990"},{"id":1035882,"first_name":"First Name","middle_name":"Middle Name","last_name":"Last Name","date_of_birth":"04/21/2020"},{"id":1035881,"first_name":"First Name","middle_name":"Middle Name","last_name":"Last Name","date_of_birth":"04/21/2020"},{"id":1035880,"first_name":"First Name","middle_name":"Middle Name","last_name":"Last Name","date_of_birth":"04/21/2020"},{"id":1035879,"first_name":"Taz","middle_name":"Siddi","last_name":"Win","date_of_birth":"02/10/1989"},{"id":1035878,"first_name":"Taz","middle_name":"Siddi","last_name":"Win","date_of_birth":"02/10/1989"},{"id":1035877,"first_name":"Taz","middle_name":"Siddi","last_name":"Win","date_of_birth":"02/10/1989"},{"id":1035876,"first_name":"Taz","middle_name":"Siddi","last_name":"Win","date_of_birth":"02/10/1989"},{"id":1035875,"first_name":"mum","middle_name":"Si","last_name":"Win","date_of_birth":"02/10/1990"},{"id":1035874,"first_name":"Taz","middle_name":"Siddi","last_name":"Win","date_of_birth":"02/10/1989"},{"id":1035873,"first_name":"Taz","middle_name":"Siddi","last_name":"Win","date_of_birth":"02/10/1989"},{"id":1035872,"first_name":"Taz","middle_name":"Siddi","last_name":"Win","date_of_birth":"02/10/1989"},{"id":1035871,"first_name":"Taz","middle_name":"Siddi","last_name":"Win","date_of_birth":"02/10/1989"},{"id":1035870,"first_name":"Taz","middle_name":"Siddi","last_name":"Win","date_of_birth":"02/10/1989"},{"id":1035869,"first_name":"mum","middle_name":"Si","last_name":"Win","date_of_birth":"02/10/1990"},{"id":1035868,"first_name":"Taz","middle_name":"Siddi","last_name":"Win","date_of_birth":"02/10/1989"},{"id":1035867,"first_name":"Taz","middle_name":"Siddi","last_name":"Win","date_of_birth":"02/10/1989"},{"id":1035866,"first_name":"Taz","middle_name":"Siddi","last_name":"Win","date_of_birth":"02/10/1989"},{"id":1035865,"first_name":"Taz","middle_name":"Siddi","last_name":"Win","date_of_birth":"02/10/1989"},{"id":1035864,"first_name":"Taz","middle_name":"Siddi","last_name":"Win","date_of_birth":"02/10/1989"},{"id":1035863,"first_name":"mum","middle_name":"Si","last_name":"Win","date_of_birth":"02/10/1990"},{"id":1035862,"first_name":"Taz","middle_name":"Siddi","last_name":"Win","date_of_birth":"02/10/1989"},{"id":1035861,"first_name":"Taz","middle_name":"Siddi","last_name":"Win","date_of_birth":"02/10/1989"},{"id":1035860,"first_name":"Taz","middle_name":"Siddi","last_name":"Win","date_of_birth":"02/10/1989"},{"id":1035859,"first_name":"Taz","middle_name":"Siddi","last_name":"Win","date_of_birth":"02/10/1989"},{"id":1035858,"first_name":"Taz","middle_name":"Siddi","last_name":"Win","date_of_birth":"02/10/1989"},{"id":1035857,"first_name":"Taz","middle_name":"Siddi","last_name":"Win","date_of_birth":"02/10/1989"},{"id":1035856,"first_name":"mum","middle_name":"Si","last_name":"Win","date_of_birth":"02/10/1990"},{"id":1035855,"first_name":"Taz","middle_name":"Siddi","last_name":"Win","date_of_birth":"02/10/1989"},{"id":1035854,"first_name":"Taz","middle_name":"Siddi","last_name":"Win","date_of_birth":"02/10/1989"},{"id":1035853,"first... (set the log level to DEBUG or TRACE to see the full content) 
 </msg>
<msg timestamp="20220311 15:12:53.394" level="INFO">${response} = &lt;Response [200]&gt;</msg>
<status status="PASS" starttime="20220311 15:12:53.109" endtime="20220311 15:12:53.394"/>
</kw>
<kw name="Log To Console" library="BuiltIn">
<arg>${response.content}</arg>
<doc>Logs the given message to the console.</doc>
<status status="PASS" starttime="20220311 15:12:53.396" endtime="20220311 15:12:53.406"/>
</kw>
<status status="PASS" starttime="20220311 15:12:53.102" endtime="20220311 15:12:53.408"/>
</test>
<status status="PASS" starttime="20220311 15:12:52.651" endtime="20220311 15:12:53.410"/>
</suite>
<statistics>
<total>
<stat pass="1" fail="0" skip="0">All Tests</stat>
</total>
<tag>
</tag>
<suite>
<stat pass="1" fail="0" skip="0" id="s1" name="TC 001">TC 001</stat>
</suite>
</statistics>
<errors>
</errors>
</robot>
